2024-12-27 11:30:57 [main] INFO  c.e.SpringBootUserWithJpaDtoH2LoggingApplication - Starting SpringBootUserWithJpaDtoH2LoggingApplication using Java 11.0.20 on LAPTOP-D3F0COCA with PID 7560 (D:\BrideLabz\WorkSpace\SpringBoot\SpringBoot_UserWithJPA_DTO_H2_Logging\target\classes started by saura in D:\BrideLabz\WorkSpace\SpringBoot\SpringBoot_UserWithJPA_DTO_H2_Logging)
2024-12-27 11:30:57 [main] INFO  c.e.SpringBootUserWithJpaDtoH2LoggingApplication - No active profile set, falling back to 1 default profile: "default"
2024-12-27 11:30:57 [main] INFO  o.s.d.r.c.RepositoryConfigurationDelegate - Bootstrapping Spring Data JPA repositories in DEFAULT mode.
2024-12-27 11:30:58 [main] INFO  o.s.d.r.c.RepositoryConfigurationDelegate - Finished Spring Data repository scanning in 58 ms. Found 1 JPA repository interfaces.
2024-12-27 11:30:58 [main] INFO  o.s.b.w.e.tomcat.TomcatWebServer - Tomcat initialized with port(s): 8080 (http)
2024-12-27 11:30:58 [main] INFO  o.a.catalina.core.StandardService - Starting service [Tomcat]
2024-12-27 11:30:58 [main] INFO  o.a.catalina.core.StandardEngine - Starting Servlet engine: [Apache Tomcat/9.0.73]
2024-12-27 11:30:59 [main] INFO  o.a.c.c.C.[Tomcat].[localhost].[/] - Initializing Spring embedded WebApplicationContext
2024-12-27 11:30:59 [main] INFO  o.s.b.w.s.c.ServletWebServerApplicationContext - Root WebApplicationContext: initialization completed in 1941 ms
2024-12-27 11:30:59 [main] INFO  com.zaxxer.hikari.HikariDataSource - HikariPool-1 - Starting...
2024-12-27 11:30:59 [main] INFO  com.zaxxer.hikari.HikariDataSource - HikariPool-1 - Start completed.
2024-12-27 11:30:59 [main] INFO  o.s.b.a.h.H2ConsoleAutoConfiguration - H2 console available at '/h2-console'. Database available at 'jdbc:h2:mem:user_db'
2024-12-27 11:30:59 [main] INFO  o.h.jpa.internal.util.LogHelper - HHH000204: Processing PersistenceUnitInfo [name: default]
2024-12-27 11:30:59 [main] INFO  org.hibernate.Version - HHH000412: Hibernate ORM core version 5.6.15.Final
2024-12-27 11:31:00 [main] INFO  o.h.annotations.common.Version - HCANN000001: Hibernate Commons Annotations {5.1.2.Final}
2024-12-27 11:31:00 [main] INFO  org.hibernate.dialect.Dialect - HHH000400: Using dialect: org.hibernate.dialect.H2Dialect
2024-12-27 11:31:01 [main] INFO  o.h.e.t.j.p.i.JtaPlatformInitiator - HHH000490: Using JtaPlatform implementation: [org.hibernate.engine.transaction.jta.platform.internal.NoJtaPlatform]
2024-12-27 11:31:01 [main] INFO  o.s.o.j.LocalContainerEntityManagerFactoryBean - Initialized JPA EntityManagerFactory for persistence unit 'default'
2024-12-27 11:31:01 [main] WARN  o.s.b.a.o.j.JpaBaseConfiguration$JpaWebConfiguration - spring.jpa.open-in-view is enabled by default. Therefore, database queries may be performed during view rendering. Explicitly configure spring.jpa.open-in-view to disable this warning
2024-12-27 11:31:01 [main] INFO  o.s.b.w.e.tomcat.TomcatWebServer - Tomcat started on port(s): 8080 (http) with context path ''
2024-12-27 11:31:01 [main] INFO  c.e.SpringBootUserWithJpaDtoH2LoggingApplication - Started SpringBootUserWithJpaDtoH2LoggingApplication in 5.588 seconds (JVM running for 6.31)
2024-12-27 11:31:01 [main] INFO  c.e.SpringBootUserWithJpaDtoH2LoggingApplication - Logger Info
2024-12-27 11:32:22 [SpringApplicationShutdownHook] INFO  o.s.o.j.LocalContainerEntityManagerFactoryBean - Closing JPA EntityManagerFactory for persistence unit 'default'
2024-12-27 11:32:22 [SpringApplicationShutdownHook] INFO  com.zaxxer.hikari.HikariDataSource - HikariPool-1 - Shutdown initiated...
2024-12-27 11:32:22 [SpringApplicationShutdownHook] INFO  com.zaxxer.hikari.HikariDataSource - HikariPool-1 - Shutdown completed.
